0 silly input [ 'build' ]
1 silly flags { _: [ 'run' ],
1 silly flags   'reject-cycles': false,
1 silly flags   rejectCycles: false,
1 silly flags   script: 'build',
1 silly flags   args: [] }
2 verbose rootPath /Users/eric/stitch/stitch-js-sdk
3 info version 2.11.0
4 silly existsSync /Users/eric/stitch/stitch-js-sdk/VERSION
5 silly initialize attempt
6 silly initialize success
7 silly execute attempt
8 silly runScriptInDir build [] sdk
9 silly getExecOpts { cwd: '/Users/eric/stitch/stitch-js-sdk/packages/core/sdk' }
10 silly runScriptInDir build [] core
11 silly getExecOpts { cwd: '/Users/eric/stitch/stitch-js-sdk/packages/browser/core' }
12 silly runScriptInDir build [] admin-client
13 silly getExecOpts { cwd:
13 silly getExecOpts    '/Users/eric/stitch/stitch-js-sdk/packages/core/admin-client' }
14 silly runScriptInDir build [] aws-s3
15 silly getExecOpts { cwd:
15 silly getExecOpts    '/Users/eric/stitch/stitch-js-sdk/packages/core/services/aws-s3' }
16 silly runScriptInDir build [] aws-ses
17 silly getExecOpts { cwd:
17 silly getExecOpts    '/Users/eric/stitch/stitch-js-sdk/packages/core/services/aws-ses' }
18 silly runScriptInDir build [] aws
19 silly getExecOpts { cwd:
19 silly getExecOpts    '/Users/eric/stitch/stitch-js-sdk/packages/core/services/aws' }
20 silly runScriptInDir build [] http
21 silly getExecOpts { cwd:
21 silly getExecOpts    '/Users/eric/stitch/stitch-js-sdk/packages/core/services/http' }
22 silly runScriptInDir build [] mongodb-remote
23 silly getExecOpts { cwd:
23 silly getExecOpts    '/Users/eric/stitch/stitch-js-sdk/packages/core/services/mongodb-remote' }
24 error build Errored while running script in 'mongodb-stitch-core-services-mongodb-remote'
25 error execute callback with error
26 error Error: Command failed: npm run build
26 error npm ERR! code ELIFECYCLE
26 error npm ERR! errno 2
26 error npm ERR! mongodb-stitch-core-services-mongodb-remote@4.0.14 build-main: `tsc -p tsconfig.umd.json`
26 error npm ERR! Exit status 2
26 error npm ERR!
26 error npm ERR! Failed at the mongodb-stitch-core-services-mongodb-remote@4.0.14 build-main script.
26 error npm ERR! This is probably not a problem with npm. There is likely additional logging output above.
26 error
26 error npm ERR! A complete log of this run can be found in:
26 error npm ERR!     /Users/eric/.npm/_logs/2018-10-15T03_15_42_762Z-debug.log
26 error npm ERR! code ELIFECYCLE
26 error npm ERR! errno 2
26 error npm ERR! mongodb-stitch-core-services-mongodb-remote@4.0.14 build: `npm run build-main && npm run build-module`
26 error npm ERR! Exit status 2
26 error npm ERR!
26 error npm ERR! Failed at the mongodb-stitch-core-services-mongodb-remote@4.0.14 build script.
26 error npm ERR! This is probably not a problem with npm. There is likely additional logging output above.
26 error
26 error npm ERR! A complete log of this run can be found in:
26 error npm ERR!     /Users/eric/.npm/_logs/2018-10-15T03_15_42_781Z-debug.log
26 error
26 error > mongodb-stitch-core-services-mongodb-remote@4.0.14 build /Users/eric/stitch/stitch-js-sdk/packages/core/services/mongodb-remote
26 error > npm run build-main && npm run build-module
26 error
26 error
26 error > mongodb-stitch-core-services-mongodb-remote@4.0.14 build-main /Users/eric/stitch/stitch-js-sdk/packages/core/services/mongodb-remote
26 error > tsc -p tsconfig.umd.json
26 error
26 error src/internal/ResultDecoders.ts(136,9): error TS1005: ',' expected.
26 error
26 error     at Promise.all.then.arr (/usr/local/lib/node_modules/lerna/node_modules/execa/index.js:236:11)
